# -> -1
int -> -1
id -> 97
<- -> -1
intConstant -> 50
; -> -1
int -> -1
id -> 98
<- -> -1
intConstant -> 51
; -> -1
int -> -1
id -> 99
<- -> -1
intConstant -> 49
; -> -1
int -> -1
id -> 26
; -> -1
if -> -1
( -> -1
id -> 97
> -> -1
id -> 98
) -> -1
then -> -1
if -> -1
( -> -1
id -> 97
> -> -1
id -> 99
) -> -1
then -> -1
id -> 26
<- -> -1
id -> 97
; -> -1
else -> -1
id -> 26
<- -> -1
id -> 99
; -> -1
endif -> -1
else -> -1
if -> -1
( -> -1
id -> 98
> -> -1
id -> 99
) -> -1
then -> -1
id -> 26
<- -> -1
id -> 98
; -> -1
else -> -1
id -> 26
<- -> -1
id -> 99
; -> -1
endif -> -1
endif -> -1
println -> -1
id -> 26
; -> -1
# -> -1
