# -> -1
int -> -1
id -> 97
<- -> -1
intConstant -> 99
; -> -1
int -> -1
id -> 5
; -> -1
if -> -1
( -> -1
id -> 97
< -> -1
intConstant -> 50
) -> -1
then -> -1
println -> -1
false -> -1
endif -> -1
if -> -1
( -> -1
id -> 97
% -> -1
intConstant -> 50
<- -> -1
- -> -1
intConstant -> 48
) -> -1
println -> -1
false -> -1
endif -> -1
for -> -1
( -> -1
id -> 5
<- -> -1
intConstant -> 51
; -> -1
id -> 5
<<- -> -1
id -> 97
/ -> -1
intConstant -> 50
; -> -1
id -> 5
<- -> -1
id -> 5
+ -> -1
intConstant -> 49
) -> -1
if -> -1
( -> -1
id -> 97
% -> -1
id -> 5
<- -> -1
- -> -1
intConstant -> 48
) -> -1
println -> -1
false -> -1
endfor -> -1
println -> -1
true -> -1
# -> -1
