# -> -1
int -> -1
id -> 41
<- -> -1
intConstant -> 48
; -> -1
list -> -1
id -> 43
<- -> -1
[ -> -1
intConstant -> 50
, -> -1
intConstant -> 51
, -> -1
intConstant -> 52
, -> -1
intConstant -> 53
, -> -1
intConstant -> 54
] -> -1
; -> -1
int -> -1
id -> 5
; -> -1
for -> -1
( -> -1
id -> 5
<- -> -1
intConstant -> 48
; -> -1
id -> 5
<<- -> -1
intConstant -> 52
; -> -1
id -> 5
<- -> -1
id -> 5
+ -> -1
intConstant -> 49
) -> -1
then -> -1
id -> 41
<- -> -1
id -> 41
+ -> -1
id -> 43
[ -> -1
id -> 5
] -> -1
; -> -1
endfor -> -1
println -> -1
id -> 41
; -> -1
# -> -1
